{"C:\\Users\\matty\\Documents\\work\\academy\\projects\\connect_four\\src\\grid_interaction_handler.js": {"path":"C:\\Users\\matty\\Documents\\work\\academy\\projects\\connect_four\\src\\grid_interaction_handler.js","statementMap":{"0":{"start":{"line":2,"column":4},"end":{"line":2,"column":64}},"1":{"start":{"line":4,"column":21},"end":{"line":4,"column":34}},"2":{"start":{"line":6,"column":4},"end":{"line":8,"column":5}},"3":{"start":{"line":7,"column":8},"end":{"line":7,"column":14}},"4":{"start":{"line":10,"column":4},"end":{"line":10,"column":36}},"5":{"start":{"line":11,"column":4},"end":{"line":11,"column":33}},"6":{"start":{"line":16,"column":17},"end":{"line":16,"column":50}},"7":{"start":{"line":17,"column":22},"end":{"line":17,"column":38}},"8":{"start":{"line":18,"column":4},"end":{"line":18,"column":46}},"9":{"start":{"line":23,"column":17},"end":{"line":23,"column":50}},"10":{"start":{"line":24,"column":22},"end":{"line":24,"column":38}},"11":{"start":{"line":25,"column":4},"end":{"line":25,"column":47}},"12":{"start":{"line":30,"column":4},"end":{"line":30,"column":47}},"13":{"start":{"line":32,"column":25},"end":{"line":32,"column":54}},"14":{"start":{"line":34,"column":4},"end":{"line":39,"column":5}},"15":{"start":{"line":38,"column":8},"end":{"line":38,"column":28}},"16":{"start":{"line":44,"column":4},"end":{"line":44,"column":44}},"17":{"start":{"line":45,"column":25},"end":{"line":45,"column":61}},"18":{"start":{"line":47,"column":4},"end":{"line":47,"column":55}},"19":{"start":{"line":48,"column":4},"end":{"line":48,"column":17}},"20":{"start":{"line":53,"column":4},"end":{"line":53,"column":45}},"21":{"start":{"line":55,"column":21},"end":{"line":55,"column":34}},"22":{"start":{"line":57,"column":24},"end":{"line":57,"column":58}},"23":{"start":{"line":58,"column":26},"end":{"line":58,"column":39}},"24":{"start":{"line":59,"column":24},"end":{"line":59,"column":77}},"25":{"start":{"line":61,"column":4},"end":{"line":67,"column":5}},"26":{"start":{"line":62,"column":8},"end":{"line":62,"column":73}},"27":{"start":{"line":64,"column":8},"end":{"line":64,"column":58}},"28":{"start":{"line":65,"column":8},"end":{"line":65,"column":27}},"29":{"start":{"line":66,"column":8},"end":{"line":66,"column":37}},"30":{"start":{"line":71,"column":0},"end":{"line":75,"column":1}}},"fnMap":{"0":{"name":"clickGridCell","decl":{"start":{"line":1,"column":9},"end":{"line":1,"column":22}},"loc":{"start":{"line":1,"column":36},"end":{"line":12,"column":1}},"line":1},"1":{"name":"mouseOverGridCell","decl":{"start":{"line":15,"column":9},"end":{"line":15,"column":26}},"loc":{"start":{"line":15,"column":44},"end":{"line":19,"column":1}},"line":15},"2":{"name":"mouseOutGridCell","decl":{"start":{"line":22,"column":9},"end":{"line":22,"column":25}},"loc":{"start":{"line":22,"column":43},"end":{"line":26,"column":1}},"line":22},"3":{"name":"attemptToPlacePiece","decl":{"start":{"line":29,"column":9},"end":{"line":29,"column":28}},"loc":{"start":{"line":29,"column":42},"end":{"line":40,"column":1}},"line":29},"4":{"name":"findIsColumnFull","decl":{"start":{"line":43,"column":9},"end":{"line":43,"column":25}},"loc":{"start":{"line":43,"column":39},"end":{"line":49,"column":1}},"line":43},"5":{"name":"changePlayerColor","decl":{"start":{"line":52,"column":9},"end":{"line":52,"column":26}},"loc":{"start":{"line":52,"column":47},"end":{"line":68,"column":1}},"line":52}},"branchMap":{"0":{"loc":{"start":{"line":6,"column":4},"end":{"line":8,"column":5}},"type":"if","locations":[{"start":{"line":6,"column":4},"end":{"line":8,"column":5}},{"start":{"line":6,"column":4},"end":{"line":8,"column":5}}],"line":6},"1":{"loc":{"start":{"line":34,"column":4},"end":{"line":39,"column":5}},"type":"if","locations":[{"start":{"line":34,"column":4},"end":{"line":39,"column":5}},{"start":{"line":34,"column":4},"end":{"line":39,"column":5}}],"line":34},"2":{"loc":{"start":{"line":47,"column":13},"end":{"line":47,"column":55}},"type":"cond-expr","locations":[{"start":{"line":47,"column":43},"end":{"line":47,"column":48}},{"start":{"line":47,"column":51},"end":{"line":47,"column":55}}],"line":47},"3":{"loc":{"start":{"line":61,"column":4},"end":{"line":67,"column":5}},"type":"if","locations":[{"start":{"line":61,"column":4},"end":{"line":67,"column":5}},{"start":{"line":61,"column":4},"end":{"line":67,"column":5}}],"line":61},"4":{"loc":{"start":{"line":61,"column":8},"end":{"line":61,"column":76}},"type":"binary-expr","locations":[{"start":{"line":61,"column":8},"end":{"line":61,"column":33}},{"start":{"line":61,"column":37},"end":{"line":61,"column":76}}],"line":61}},"s":{"0":0,"1":0,"2":0,"3":0,"4":0,"5":0,"6":0,"7":0,"8":0,"9":0,"10":0,"11":0,"12":0,"13":0,"14":0,"15":0,"16":0,"17":0,"18":0,"19":0,"20":0,"21":0,"22":0,"23":0,"24":0,"25":0,"26":0,"27":0,"28":0,"29":0,"30":1},"f":{"0":0,"1":0,"2":0,"3":0,"4":0,"5":0},"b":{"0":[0,0],"1":[0,0],"2":[0,0],"3":[0,0],"4":[0,0]},"_coverageSchema":"1a1c01bbd47fc00a2c39e90264f33305004495a9","hash":"e23741d4fbd7c027112d9e1ce5a1b89953ed0f99"}
,"C:\\Users\\matty\\Documents\\work\\academy\\projects\\connect_four\\src\\initialization.js": {"path":"C:\\Users\\matty\\Documents\\work\\academy\\projects\\connect_four\\src\\initialization.js","statementMap":{"0":{"start":{"line":2,"column":4},"end":{"line":2,"column":42}},"1":{"start":{"line":3,"column":15},"end":{"line":3,"column":46}},"2":{"start":{"line":6,"column":4},"end":{"line":6,"column":26}},"3":{"start":{"line":8,"column":30},"end":{"line":8,"column":66}},"4":{"start":{"line":9,"column":4},"end":{"line":9,"column":28}},"5":{"start":{"line":14,"column":4},"end":{"line":24,"column":5}},"6":{"start":{"line":14,"column":17},"end":{"line":14,"column":41}},"7":{"start":{"line":15,"column":18},"end":{"line":15,"column":36}},"8":{"start":{"line":16,"column":8},"end":{"line":16,"column":34}},"9":{"start":{"line":18,"column":8},"end":{"line":23,"column":9}},"10":{"start":{"line":18,"column":21},"end":{"line":18,"column":22}},"11":{"start":{"line":19,"column":30},"end":{"line":19,"column":51}},"12":{"start":{"line":20,"column":25},"end":{"line":20,"column":57}},"13":{"start":{"line":22,"column":12},"end":{"line":22,"column":62}},"14":{"start":{"line":26,"column":4},"end":{"line":26,"column":19}},"15":{"start":{"line":31,"column":15},"end":{"line":31,"column":33}},"16":{"start":{"line":32,"column":21},"end":{"line":32,"column":55}},"17":{"start":{"line":33,"column":4},"end":{"line":33,"column":22}},"18":{"start":{"line":34,"column":4},"end":{"line":34,"column":34}},"19":{"start":{"line":35,"column":4},"end":{"line":35,"column":27}},"20":{"start":{"line":37,"column":4},"end":{"line":37,"column":63}},"21":{"start":{"line":38,"column":4},"end":{"line":38,"column":15}},"22":{"start":{"line":43,"column":16},"end":{"line":43,"column":45}},"23":{"start":{"line":44,"column":26},"end":{"line":44,"column":59}},"24":{"start":{"line":45,"column":4},"end":{"line":45,"column":28}},"25":{"start":{"line":46,"column":4},"end":{"line":46,"column":34}},"26":{"start":{"line":47,"column":4},"end":{"line":47,"column":45}},"27":{"start":{"line":49,"column":4},"end":{"line":49,"column":74}},"28":{"start":{"line":50,"column":4},"end":{"line":50,"column":16}},"29":{"start":{"line":55,"column":21},"end":{"line":55,"column":65}},"30":{"start":{"line":56,"column":4},"end":{"line":56,"column":29}},"31":{"start":{"line":57,"column":4},"end":{"line":57,"column":32}},"32":{"start":{"line":58,"column":4},"end":{"line":58,"column":83}},"33":{"start":{"line":63,"column":4},"end":{"line":63,"column":43}},"34":{"start":{"line":65,"column":4},"end":{"line":76,"column":5}},"35":{"start":{"line":66,"column":33},"end":{"line":66,"column":52}},"36":{"start":{"line":67,"column":18},"end":{"line":67,"column":47}},"37":{"start":{"line":68,"column":18},"end":{"line":68,"column":47}},"38":{"start":{"line":70,"column":29},"end":{"line":70,"column":62}},"39":{"start":{"line":71,"column":8},"end":{"line":71,"column":78}},"40":{"start":{"line":72,"column":8},"end":{"line":72,"column":90}},"41":{"start":{"line":73,"column":8},"end":{"line":73,"column":88}},"42":{"start":{"line":75,"column":8},"end":{"line":75,"column":72}},"43":{"start":{"line":81,"column":33},"end":{"line":81,"column":83}},"44":{"start":{"line":82,"column":33},"end":{"line":82,"column":83}},"45":{"start":{"line":84,"column":4},"end":{"line":84,"column":84}},"46":{"start":{"line":85,"column":4},"end":{"line":85,"column":84}},"47":{"start":{"line":89,"column":0},"end":{"line":96,"column":1}}},"fnMap":{"0":{"name":"initializeGrid","decl":{"start":{"line":1,"column":9},"end":{"line":1,"column":23}},"loc":{"start":{"line":1,"column":34},"end":{"line":10,"column":1}},"line":1},"1":{"name":"createCellsAndImages","decl":{"start":{"line":13,"column":9},"end":{"line":13,"column":29}},"loc":{"start":{"line":13,"column":46},"end":{"line":27,"column":1}},"line":13},"2":{"name":"createCell","decl":{"start":{"line":30,"column":9},"end":{"line":30,"column":19}},"loc":{"start":{"line":30,"column":38},"end":{"line":39,"column":1}},"line":30},"3":{"name":"createCellImage","decl":{"start":{"line":42,"column":9},"end":{"line":42,"column":24}},"loc":{"start":{"line":42,"column":31},"end":{"line":51,"column":1}},"line":42},"4":{"name":"createGridParent","decl":{"start":{"line":54,"column":9},"end":{"line":54,"column":25}},"loc":{"start":{"line":54,"column":32},"end":{"line":59,"column":1}},"line":54},"5":{"name":"bindGridInteractionEvents","decl":{"start":{"line":62,"column":9},"end":{"line":62,"column":34}},"loc":{"start":{"line":62,"column":45},"end":{"line":77,"column":1}},"line":62},"6":{"name":"bindColorSelectEvents","decl":{"start":{"line":80,"column":9},"end":{"line":80,"column":30}},"loc":{"start":{"line":80,"column":33},"end":{"line":86,"column":1}},"line":80}},"branchMap":{},"s":{"0":0,"1":0,"2":0,"3":0,"4":0,"5":0,"6":0,"7":0,"8":0,"9":0,"10":0,"11":0,"12":0,"13":0,"14":0,"15":0,"16":0,"17":0,"18":0,"19":0,"20":0,"21":0,"22":0,"23":0,"24":0,"25":0,"26":0,"27":0,"28":0,"29":0,"30":0,"31":0,"32":0,"33":0,"34":0,"35":0,"36":0,"37":0,"38":0,"39":0,"40":0,"41":0,"42":0,"43":0,"44":0,"45":0,"46":0,"47":1},"f":{"0":0,"1":0,"2":0,"3":0,"4":0,"5":0,"6":0},"b":{},"_coverageSchema":"1a1c01bbd47fc00a2c39e90264f33305004495a9","hash":"78855fbd552ae4f0a765c41e28a774825662d4fc"}
,"C:\\Users\\matty\\Documents\\work\\academy\\projects\\connect_four\\src\\storage.js": {"path":"C:\\Users\\matty\\Documents\\work\\academy\\projects\\connect_four\\src\\storage.js","statementMap":{"0":{"start":{"line":2,"column":17},"end":{"line":2,"column":18}},"1":{"start":{"line":3,"column":18},"end":{"line":3,"column":19}},"2":{"start":{"line":5,"column":16},"end":{"line":5,"column":18}},"3":{"start":{"line":6,"column":21},"end":{"line":6,"column":23}},"4":{"start":{"line":7,"column":28},"end":{"line":7,"column":59}},"5":{"start":{"line":9,"column":20},"end":{"line":18,"column":5}},"6":{"start":{"line":20,"column":20},"end":{"line":20,"column":31}},"7":{"start":{"line":21,"column":20},"end":{"line":21,"column":31}},"8":{"start":{"line":22,"column":21},"end":{"line":22,"column":22}},"9":{"start":{"line":23,"column":21},"end":{"line":23,"column":22}},"10":{"start":{"line":24,"column":18},"end":{"line":24,"column":19}},"11":{"start":{"line":26,"column":17},"end":{"line":26,"column":29}},"12":{"start":{"line":27,"column":25},"end":{"line":27,"column":37}},"13":{"start":{"line":33,"column":21},"end":{"line":38,"column":5}},"14":{"start":{"line":41,"column":8},"end":{"line":41,"column":60}},"15":{"start":{"line":42,"column":8},"end":{"line":42,"column":38}},"16":{"start":{"line":46,"column":8},"end":{"line":46,"column":50}},"17":{"start":{"line":47,"column":8},"end":{"line":47,"column":38}},"18":{"start":{"line":48,"column":8},"end":{"line":48,"column":30}},"19":{"start":{"line":50,"column":8},"end":{"line":50,"column":66}},"20":{"start":{"line":51,"column":8},"end":{"line":51,"column":66}},"21":{"start":{"line":53,"column":8},"end":{"line":53,"column":58}},"22":{"start":{"line":54,"column":8},"end":{"line":54,"column":58}},"23":{"start":{"line":56,"column":8},"end":{"line":56,"column":65}},"24":{"start":{"line":58,"column":8},"end":{"line":58,"column":35}},"25":{"start":{"line":62,"column":8},"end":{"line":66,"column":9}},"26":{"start":{"line":63,"column":12},"end":{"line":63,"column":33}},"27":{"start":{"line":64,"column":15},"end":{"line":66,"column":9}},"28":{"start":{"line":65,"column":12},"end":{"line":65,"column":33}},"29":{"start":{"line":68,"column":8},"end":{"line":68,"column":28}},"30":{"start":{"line":69,"column":8},"end":{"line":69,"column":38}},"31":{"start":{"line":70,"column":8},"end":{"line":70,"column":30}},"32":{"start":{"line":71,"column":8},"end":{"line":71,"column":35}},"33":{"start":{"line":75,"column":8},"end":{"line":77,"column":9}},"34":{"start":{"line":76,"column":12},"end":{"line":76,"column":21}},"35":{"start":{"line":79,"column":8},"end":{"line":81,"column":9}},"36":{"start":{"line":80,"column":12},"end":{"line":80,"column":21}},"37":{"start":{"line":83,"column":33},"end":{"line":83,"column":52}},"38":{"start":{"line":84,"column":37},"end":{"line":84,"column":57}},"39":{"start":{"line":86,"column":8},"end":{"line":86,"column":35}},"40":{"start":{"line":90,"column":8},"end":{"line":90,"column":55}},"41":{"start":{"line":91,"column":30},"end":{"line":91,"column":32}},"42":{"start":{"line":93,"column":8},"end":{"line":95,"column":9}},"43":{"start":{"line":93,"column":21},"end":{"line":93,"column":22}},"44":{"start":{"line":94,"column":12},"end":{"line":94,"column":38}},"45":{"start":{"line":97,"column":8},"end":{"line":97,"column":41}},"46":{"start":{"line":101,"column":8},"end":{"line":101,"column":55}},"47":{"start":{"line":102,"column":8},"end":{"line":102,"column":70}},"48":{"start":{"line":103,"column":8},"end":{"line":103,"column":70}},"49":{"start":{"line":107,"column":8},"end":{"line":107,"column":47}},"50":{"start":{"line":109,"column":8},"end":{"line":113,"column":9}},"51":{"start":{"line":110,"column":12},"end":{"line":110,"column":110}},"52":{"start":{"line":112,"column":12},"end":{"line":112,"column":89}},"53":{"start":{"line":117,"column":8},"end":{"line":117,"column":50}},"54":{"start":{"line":118,"column":8},"end":{"line":118,"column":37}},"55":{"start":{"line":119,"column":8},"end":{"line":119,"column":47}},"56":{"start":{"line":123,"column":8},"end":{"line":123,"column":44}},"57":{"start":{"line":125,"column":27},"end":{"line":125,"column":51}},"58":{"start":{"line":127,"column":8},"end":{"line":129,"column":9}},"59":{"start":{"line":128,"column":12},"end":{"line":128,"column":21}},"60":{"start":{"line":131,"column":8},"end":{"line":131,"column":42}},"61":{"start":{"line":135,"column":26},"end":{"line":135,"column":62}},"62":{"start":{"line":136,"column":8},"end":{"line":136,"column":36}},"63":{"start":{"line":140,"column":32},"end":{"line":140,"column":102}},"64":{"start":{"line":140,"column":67},"end":{"line":140,"column":101}},"65":{"start":{"line":141,"column":28},"end":{"line":141,"column":78}},"66":{"start":{"line":143,"column":8},"end":{"line":143,"column":43}},"67":{"start":{"line":147,"column":8},"end":{"line":147,"column":47}},"68":{"start":{"line":148,"column":8},"end":{"line":148,"column":71}},"69":{"start":{"line":149,"column":8},"end":{"line":149,"column":47}},"70":{"start":{"line":151,"column":8},"end":{"line":151,"column":45}},"71":{"start":{"line":152,"column":8},"end":{"line":152,"column":56}},"72":{"start":{"line":154,"column":8},"end":{"line":154,"column":70}},"73":{"start":{"line":156,"column":8},"end":{"line":156,"column":65}},"74":{"start":{"line":160,"column":37},"end":{"line":160,"column":67}},"75":{"start":{"line":161,"column":8},"end":{"line":161,"column":68}},"76":{"start":{"line":165,"column":30},"end":{"line":165,"column":63}},"77":{"start":{"line":166,"column":8},"end":{"line":166,"column":58}},"78":{"start":{"line":170,"column":8},"end":{"line":172,"column":9}},"79":{"start":{"line":171,"column":12},"end":{"line":171,"column":18}},"80":{"start":{"line":174,"column":25},"end":{"line":174,"column":27}},"81":{"start":{"line":175,"column":28},"end":{"line":175,"column":35}},"82":{"start":{"line":176,"column":28},"end":{"line":176,"column":35}},"83":{"start":{"line":178,"column":8},"end":{"line":189,"column":9}},"84":{"start":{"line":180,"column":32},"end":{"line":180,"column":79}},"85":{"start":{"line":182,"column":12},"end":{"line":184,"column":13}},"86":{"start":{"line":183,"column":16},"end":{"line":183,"column":21}},"87":{"start":{"line":186,"column":12},"end":{"line":186,"column":42}},"88":{"start":{"line":187,"column":12},"end":{"line":187,"column":39}},"89":{"start":{"line":188,"column":12},"end":{"line":188,"column":39}},"90":{"start":{"line":191,"column":8},"end":{"line":191,"column":25}},"91":{"start":{"line":195,"column":8},"end":{"line":195,"column":40}},"92":{"start":{"line":197,"column":29},"end":{"line":197,"column":72}},"93":{"start":{"line":198,"column":32},"end":{"line":198,"column":78}},"94":{"start":{"line":198,"column":64},"end":{"line":198,"column":77}},"95":{"start":{"line":199,"column":39},"end":{"line":199,"column":88}},"96":{"start":{"line":201,"column":8},"end":{"line":201,"column":71}},"97":{"start":{"line":202,"column":22},"end":{"line":202,"column":69}},"98":{"start":{"line":204,"column":8},"end":{"line":209,"column":9}},"99":{"start":{"line":205,"column":12},"end":{"line":205,"column":43}},"100":{"start":{"line":206,"column":12},"end":{"line":206,"column":65}},"101":{"start":{"line":208,"column":12},"end":{"line":208,"column":38}},"102":{"start":{"line":213,"column":8},"end":{"line":213,"column":40}},"103":{"start":{"line":214,"column":8},"end":{"line":214,"column":36}},"104":{"start":{"line":215,"column":8},"end":{"line":215,"column":48}},"105":{"start":{"line":217,"column":8},"end":{"line":228,"column":9}},"106":{"start":{"line":218,"column":33},"end":{"line":218,"column":67}},"107":{"start":{"line":219,"column":38},"end":{"line":219,"column":58}},"108":{"start":{"line":220,"column":22},"end":{"line":220,"column":52}},"109":{"start":{"line":221,"column":22},"end":{"line":221,"column":52}},"110":{"start":{"line":223,"column":31},"end":{"line":223,"column":55}},"111":{"start":{"line":224,"column":30},"end":{"line":224,"column":57}},"112":{"start":{"line":226,"column":30},"end":{"line":226,"column":85}},"113":{"start":{"line":226,"column":63},"end":{"line":226,"column":84}},"114":{"start":{"line":227,"column":12},"end":{"line":227,"column":115}},"115":{"start":{"line":232,"column":8},"end":{"line":236,"column":9}},"116":{"start":{"line":233,"column":12},"end":{"line":235,"column":13}},"117":{"start":{"line":234,"column":16},"end":{"line":234,"column":27}},"118":{"start":{"line":238,"column":8},"end":{"line":238,"column":20}},"119":{"start":{"line":242,"column":26},"end":{"line":242,"column":60}},"120":{"start":{"line":243,"column":8},"end":{"line":243,"column":44}},"121":{"start":{"line":247,"column":31},"end":{"line":247,"column":63}},"122":{"start":{"line":249,"column":42},"end":{"line":249,"column":105}},"123":{"start":{"line":250,"column":50},"end":{"line":250,"column":121}},"124":{"start":{"line":252,"column":8},"end":{"line":252,"column":76}},"125":{"start":{"line":256,"column":28},"end":{"line":256,"column":38}},"126":{"start":{"line":257,"column":28},"end":{"line":257,"column":38}},"127":{"start":{"line":258,"column":25},"end":{"line":258,"column":26}},"128":{"start":{"line":260,"column":28},"end":{"line":260,"column":87}},"129":{"start":{"line":262,"column":8},"end":{"line":274,"column":9}},"130":{"start":{"line":263,"column":12},"end":{"line":263,"column":38}},"131":{"start":{"line":264,"column":12},"end":{"line":264,"column":38}},"132":{"start":{"line":266,"column":33},"end":{"line":266,"column":80}},"133":{"start":{"line":267,"column":12},"end":{"line":267,"column":63}},"134":{"start":{"line":269,"column":12},"end":{"line":273,"column":13}},"135":{"start":{"line":270,"column":16},"end":{"line":270,"column":28}},"136":{"start":{"line":272,"column":16},"end":{"line":272,"column":21}},"137":{"start":{"line":276,"column":8},"end":{"line":276,"column":25}},"138":{"start":{"line":280,"column":8},"end":{"line":280,"column":26}},"139":{"start":{"line":281,"column":8},"end":{"line":281,"column":23}},"140":{"start":{"line":282,"column":23},"end":{"line":282,"column":44}},"141":{"start":{"line":284,"column":8},"end":{"line":286,"column":9}},"142":{"start":{"line":285,"column":12},"end":{"line":285,"column":30}},"143":{"start":{"line":290,"column":8},"end":{"line":290,"column":36}},"144":{"start":{"line":291,"column":8},"end":{"line":291,"column":23}},"145":{"start":{"line":292,"column":8},"end":{"line":292,"column":80}},"146":{"start":{"line":296,"column":8},"end":{"line":296,"column":36}},"147":{"start":{"line":297,"column":8},"end":{"line":297,"column":68}},"148":{"start":{"line":302,"column":29},"end":{"line":302,"column":66}},"149":{"start":{"line":303,"column":28},"end":{"line":303,"column":92}},"150":{"start":{"line":305,"column":33},"end":{"line":305,"column":72}},"151":{"start":{"line":306,"column":32},"end":{"line":306,"column":70}},"152":{"start":{"line":307,"column":26},"end":{"line":307,"column":55}},"153":{"start":{"line":309,"column":4},"end":{"line":309,"column":84}},"154":{"start":{"line":315,"column":4},"end":{"line":315,"column":47}},"155":{"start":{"line":317,"column":28},"end":{"line":317,"column":57}},"156":{"start":{"line":318,"column":4},"end":{"line":318,"column":55}},"157":{"start":{"line":320,"column":4},"end":{"line":320,"column":96}},"158":{"start":{"line":325,"column":4},"end":{"line":325,"column":39}},"159":{"start":{"line":327,"column":28},"end":{"line":327,"column":62}},"160":{"start":{"line":328,"column":23},"end":{"line":328,"column":50}},"161":{"start":{"line":329,"column":27},"end":{"line":329,"column":73}},"162":{"start":{"line":331,"column":4},"end":{"line":331,"column":94}},"163":{"start":{"line":333,"column":4},"end":{"line":333,"column":25}},"164":{"start":{"line":337,"column":0},"end":{"line":341,"column":1}}},"fnMap":{"0":{"name":"(anonymous_0)","decl":{"start":{"line":40,"column":4},"end":{"line":40,"column":5}},"loc":{"start":{"line":40,"column":18},"end":{"line":43,"column":5}},"line":40},"1":{"name":"(anonymous_1)","decl":{"start":{"line":45,"column":4},"end":{"line":45,"column":5}},"loc":{"start":{"line":45,"column":28},"end":{"line":59,"column":5}},"line":45},"2":{"name":"(anonymous_2)","decl":{"start":{"line":61,"column":4},"end":{"line":61,"column":5}},"loc":{"start":{"line":61,"column":31},"end":{"line":72,"column":5}},"line":61},"3":{"name":"(anonymous_3)","decl":{"start":{"line":74,"column":4},"end":{"line":74,"column":5}},"loc":{"start":{"line":74,"column":24},"end":{"line":87,"column":5}},"line":74},"4":{"name":"(anonymous_4)","decl":{"start":{"line":89,"column":4},"end":{"line":89,"column":5}},"loc":{"start":{"line":89,"column":30},"end":{"line":98,"column":5}},"line":89},"5":{"name":"(anonymous_5)","decl":{"start":{"line":100,"column":4},"end":{"line":100,"column":5}},"loc":{"start":{"line":100,"column":30},"end":{"line":104,"column":5}},"line":100},"6":{"name":"(anonymous_6)","decl":{"start":{"line":106,"column":4},"end":{"line":106,"column":5}},"loc":{"start":{"line":106,"column":22},"end":{"line":114,"column":5}},"line":106},"7":{"name":"(anonymous_7)","decl":{"start":{"line":116,"column":4},"end":{"line":116,"column":5}},"loc":{"start":{"line":116,"column":48},"end":{"line":120,"column":5}},"line":116},"8":{"name":"(anonymous_8)","decl":{"start":{"line":122,"column":4},"end":{"line":122,"column":5}},"loc":{"start":{"line":122,"column":23},"end":{"line":132,"column":5}},"line":122},"9":{"name":"(anonymous_9)","decl":{"start":{"line":134,"column":4},"end":{"line":134,"column":5}},"loc":{"start":{"line":134,"column":21},"end":{"line":137,"column":5}},"line":134},"10":{"name":"(anonymous_10)","decl":{"start":{"line":139,"column":4},"end":{"line":139,"column":5}},"loc":{"start":{"line":139,"column":44},"end":{"line":144,"column":5}},"line":139},"11":{"name":"(anonymous_11)","decl":{"start":{"line":140,"column":58},"end":{"line":140,"column":59}},"loc":{"start":{"line":140,"column":67},"end":{"line":140,"column":101}},"line":140},"12":{"name":"(anonymous_12)","decl":{"start":{"line":146,"column":4},"end":{"line":146,"column":5}},"loc":{"start":{"line":146,"column":41},"end":{"line":157,"column":5}},"line":146},"13":{"name":"(anonymous_13)","decl":{"start":{"line":159,"column":4},"end":{"line":159,"column":5}},"loc":{"start":{"line":159,"column":28},"end":{"line":162,"column":5}},"line":159},"14":{"name":"(anonymous_14)","decl":{"start":{"line":164,"column":4},"end":{"line":164,"column":5}},"loc":{"start":{"line":164,"column":50},"end":{"line":167,"column":5}},"line":164},"15":{"name":"(anonymous_15)","decl":{"start":{"line":169,"column":4},"end":{"line":169,"column":5}},"loc":{"start":{"line":169,"column":62},"end":{"line":192,"column":5}},"line":169},"16":{"name":"(anonymous_16)","decl":{"start":{"line":194,"column":4},"end":{"line":194,"column":5}},"loc":{"start":{"line":194,"column":27},"end":{"line":210,"column":5}},"line":194},"17":{"name":"(anonymous_17)","decl":{"start":{"line":198,"column":55},"end":{"line":198,"column":56}},"loc":{"start":{"line":198,"column":64},"end":{"line":198,"column":77}},"line":198},"18":{"name":"(anonymous_18)","decl":{"start":{"line":212,"column":4},"end":{"line":212,"column":5}},"loc":{"start":{"line":212,"column":15},"end":{"line":229,"column":5}},"line":212},"19":{"name":"(anonymous_19)","decl":{"start":{"line":226,"column":51},"end":{"line":226,"column":52}},"loc":{"start":{"line":226,"column":63},"end":{"line":226,"column":84}},"line":226},"20":{"name":"(anonymous_20)","decl":{"start":{"line":231,"column":4},"end":{"line":231,"column":5}},"loc":{"start":{"line":231,"column":44},"end":{"line":239,"column":5}},"line":231},"21":{"name":"(anonymous_21)","decl":{"start":{"line":241,"column":4},"end":{"line":241,"column":5}},"loc":{"start":{"line":241,"column":21},"end":{"line":244,"column":5}},"line":241},"22":{"name":"(anonymous_22)","decl":{"start":{"line":246,"column":4},"end":{"line":246,"column":5}},"loc":{"start":{"line":246,"column":59},"end":{"line":253,"column":5}},"line":246},"23":{"name":"(anonymous_23)","decl":{"start":{"line":255,"column":4},"end":{"line":255,"column":5}},"loc":{"start":{"line":255,"column":63},"end":{"line":277,"column":5}},"line":255},"24":{"name":"(anonymous_24)","decl":{"start":{"line":279,"column":4},"end":{"line":279,"column":5}},"loc":{"start":{"line":279,"column":26},"end":{"line":287,"column":5}},"line":279},"25":{"name":"(anonymous_25)","decl":{"start":{"line":289,"column":4},"end":{"line":289,"column":5}},"loc":{"start":{"line":289,"column":29},"end":{"line":293,"column":5}},"line":289},"26":{"name":"(anonymous_26)","decl":{"start":{"line":295,"column":4},"end":{"line":295,"column":5}},"loc":{"start":{"line":295,"column":18},"end":{"line":298,"column":5}},"line":295},"27":{"name":"(anonymous_27)","decl":{"start":{"line":301,"column":4},"end":{"line":301,"column":5}},"loc":{"start":{"line":301,"column":23},"end":{"line":310,"column":1}},"line":301},"28":{"name":"updateStorageObject","decl":{"start":{"line":314,"column":9},"end":{"line":314,"column":28}},"loc":{"start":{"line":314,"column":44},"end":{"line":321,"column":1}},"line":314},"29":{"name":"getGameData","decl":{"start":{"line":324,"column":9},"end":{"line":324,"column":20}},"loc":{"start":{"line":324,"column":23},"end":{"line":334,"column":1}},"line":324}},"branchMap":{"0":{"loc":{"start":{"line":62,"column":8},"end":{"line":66,"column":9}},"type":"if","locations":[{"start":{"line":62,"column":8},"end":{"line":66,"column":9}},{"start":{"line":62,"column":8},"end":{"line":66,"column":9}}],"line":62},"1":{"loc":{"start":{"line":64,"column":15},"end":{"line":66,"column":9}},"type":"if","locations":[{"start":{"line":64,"column":15},"end":{"line":66,"column":9}},{"start":{"line":64,"column":15},"end":{"line":66,"column":9}}],"line":64},"2":{"loc":{"start":{"line":75,"column":8},"end":{"line":77,"column":9}},"type":"if","locations":[{"start":{"line":75,"column":8},"end":{"line":77,"column":9}},{"start":{"line":75,"column":8},"end":{"line":77,"column":9}}],"line":75},"3":{"loc":{"start":{"line":79,"column":8},"end":{"line":81,"column":9}},"type":"if","locations":[{"start":{"line":79,"column":8},"end":{"line":81,"column":9}},{"start":{"line":79,"column":8},"end":{"line":81,"column":9}}],"line":79},"4":{"loc":{"start":{"line":79,"column":12},"end":{"line":79,"column":57}},"type":"binary-expr","locations":[{"start":{"line":79,"column":12},"end":{"line":79,"column":32}},{"start":{"line":79,"column":36},"end":{"line":79,"column":57}}],"line":79},"5":{"loc":{"start":{"line":109,"column":8},"end":{"line":113,"column":9}},"type":"if","locations":[{"start":{"line":109,"column":8},"end":{"line":113,"column":9}},{"start":{"line":109,"column":8},"end":{"line":113,"column":9}}],"line":109},"6":{"loc":{"start":{"line":110,"column":25},"end":{"line":110,"column":110}},"type":"cond-expr","locations":[{"start":{"line":110,"column":69},"end":{"line":110,"column":88}},{"start":{"line":110,"column":91},"end":{"line":110,"column":110}}],"line":110},"7":{"loc":{"start":{"line":112,"column":25},"end":{"line":112,"column":89}},"type":"cond-expr","locations":[{"start":{"line":112,"column":48},"end":{"line":112,"column":67}},{"start":{"line":112,"column":70},"end":{"line":112,"column":89}}],"line":112},"8":{"loc":{"start":{"line":127,"column":8},"end":{"line":129,"column":9}},"type":"if","locations":[{"start":{"line":127,"column":8},"end":{"line":129,"column":9}},{"start":{"line":127,"column":8},"end":{"line":129,"column":9}}],"line":127},"9":{"loc":{"start":{"line":139,"column":20},"end":{"line":139,"column":42}},"type":"default-arg","locations":[{"start":{"line":139,"column":40},"end":{"line":139,"column":42}}],"line":139},"10":{"loc":{"start":{"line":160,"column":37},"end":{"line":160,"column":67}},"type":"cond-expr","locations":[{"start":{"line":160,"column":53},"end":{"line":160,"column":59}},{"start":{"line":160,"column":62},"end":{"line":160,"column":67}}],"line":160},"11":{"loc":{"start":{"line":170,"column":8},"end":{"line":172,"column":9}},"type":"if","locations":[{"start":{"line":170,"column":8},"end":{"line":172,"column":9}},{"start":{"line":170,"column":8},"end":{"line":172,"column":9}}],"line":170},"12":{"loc":{"start":{"line":170,"column":12},"end":{"line":170,"column":46}},"type":"binary-expr","locations":[{"start":{"line":170,"column":12},"end":{"line":170,"column":27}},{"start":{"line":170,"column":31},"end":{"line":170,"column":41}},{"start":{"line":170,"column":45},"end":{"line":170,"column":46}}],"line":170},"13":{"loc":{"start":{"line":182,"column":12},"end":{"line":184,"column":13}},"type":"if","locations":[{"start":{"line":182,"column":12},"end":{"line":184,"column":13}},{"start":{"line":182,"column":12},"end":{"line":184,"column":13}}],"line":182},"14":{"loc":{"start":{"line":204,"column":8},"end":{"line":209,"column":9}},"type":"if","locations":[{"start":{"line":204,"column":8},"end":{"line":209,"column":9}},{"start":{"line":204,"column":8},"end":{"line":209,"column":9}}],"line":204},"15":{"loc":{"start":{"line":227,"column":31},"end":{"line":227,"column":115}},"type":"cond-expr","locations":[{"start":{"line":227,"column":49},"end":{"line":227,"column":78}},{"start":{"line":227,"column":81},"end":{"line":227,"column":115}}],"line":227},"16":{"loc":{"start":{"line":233,"column":12},"end":{"line":235,"column":13}},"type":"if","locations":[{"start":{"line":233,"column":12},"end":{"line":235,"column":13}},{"start":{"line":233,"column":12},"end":{"line":235,"column":13}}],"line":233},"17":{"loc":{"start":{"line":269,"column":12},"end":{"line":273,"column":13}},"type":"if","locations":[{"start":{"line":269,"column":12},"end":{"line":273,"column":13}},{"start":{"line":269,"column":12},"end":{"line":273,"column":13}}],"line":269},"18":{"loc":{"start":{"line":284,"column":8},"end":{"line":286,"column":9}},"type":"if","locations":[{"start":{"line":284,"column":8},"end":{"line":286,"column":9}},{"start":{"line":284,"column":8},"end":{"line":286,"column":9}}],"line":284}},"s":{"0":34,"1":34,"2":34,"3":34,"4":34,"5":34,"6":34,"7":34,"8":34,"9":34,"10":34,"11":34,"12":34,"13":34,"14":34,"15":34,"16":0,"17":0,"18":0,"19":0,"20":0,"21":0,"22":0,"23":0,"24":0,"25":0,"26":0,"27":0,"28":0,"29":0,"30":0,"31":0,"32":0,"33":3,"34":0,"35":3,"36":0,"37":3,"38":3,"39":3,"40":3,"41":3,"42":3,"43":3,"44":10,"45":3,"46":35,"47":35,"48":35,"49":10001,"50":10001,"51":1,"52":10000,"53":1,"54":1,"55":1,"56":3,"57":3,"58":3,"59":0,"60":3,"61":20,"62":20,"63":20,"64":40,"65":20,"66":20,"67":0,"68":0,"69":0,"70":0,"71":0,"72":0,"73":0,"74":2,"75":2,"76":2,"77":2,"78":0,"79":0,"80":0,"81":0,"82":0,"83":0,"84":0,"85":0,"86":0,"87":0,"88":0,"89":0,"90":0,"91":0,"92":0,"93":0,"94":0,"95":0,"96":0,"97":0,"98":0,"99":0,"100":0,"101":0,"102":0,"103":0,"104":0,"105":0,"106":0,"107":0,"108":0,"109":0,"110":0,"111":0,"112":0,"113":0,"114":0,"115":0,"116":0,"117":0,"118":0,"119":0,"120":0,"121":0,"122":0,"123":0,"124":0,"125":0,"126":0,"127":0,"128":0,"129":0,"130":0,"131":0,"132":0,"133":0,"134":0,"135":0,"136":0,"137":0,"138":0,"139":0,"140":0,"141":0,"142":0,"143":0,"144":0,"145":0,"146":0,"147":0,"148":0,"149":0,"150":0,"151":0,"152":0,"153":0,"154":1,"155":1,"156":1,"157":1,"158":1,"159":1,"160":1,"161":1,"162":1,"163":1,"164":1},"f":{"0":34,"1":0,"2":0,"3":3,"4":3,"5":35,"6":10001,"7":1,"8":3,"9":20,"10":20,"11":40,"12":0,"13":2,"14":2,"15":0,"16":0,"17":0,"18":0,"19":0,"20":0,"21":0,"22":0,"23":0,"24":0,"25":0,"26":0,"27":0,"28":1,"29":1},"b":{"0":[0,0],"1":[0,0],"2":[0,3],"3":[0,3],"4":[3,3],"5":[1,10000],"6":[0,1],"7":[5017,4983],"8":[0,3],"9":[0],"10":[0,2],"11":[0,0],"12":[0,0,0],"13":[0,0],"14":[0,0],"15":[0,0],"16":[0,0],"17":[0,0],"18":[0,0]},"_coverageSchema":"1a1c01bbd47fc00a2c39e90264f33305004495a9","hash":"6f08fc0d93748758fb7d72e46190a39056debad1"}
,"C:\\Users\\matty\\Documents\\work\\academy\\projects\\connect_four\\src\\utils.js": {"path":"C:\\Users\\matty\\Documents\\work\\academy\\projects\\connect_four\\src\\utils.js","statementMap":{"0":{"start":{"line":2,"column":4},"end":{"line":2,"column":49}},"1":{"start":{"line":4,"column":22},"end":{"line":4,"column":38}},"2":{"start":{"line":5,"column":24},"end":{"line":5,"column":66}},"3":{"start":{"line":6,"column":4},"end":{"line":6,"column":22}},"4":{"start":{"line":11,"column":4},"end":{"line":15,"column":5}},"5":{"start":{"line":12,"column":8},"end":{"line":14,"column":9}},"6":{"start":{"line":13,"column":12},"end":{"line":13,"column":25}},"7":{"start":{"line":20,"column":4},"end":{"line":26,"column":5}},"8":{"start":{"line":21,"column":26},"end":{"line":21,"column":58}},"9":{"start":{"line":22,"column":8},"end":{"line":22,"column":51}},"10":{"start":{"line":23,"column":8},"end":{"line":23,"column":35}},"11":{"start":{"line":24,"column":8},"end":{"line":24,"column":34}},"12":{"start":{"line":25,"column":8},"end":{"line":25,"column":28}},"13":{"start":{"line":31,"column":28},"end":{"line":31,"column":89}},"14":{"start":{"line":31,"column":54},"end":{"line":31,"column":88}},"15":{"start":{"line":33,"column":4},"end":{"line":39,"column":5}},"16":{"start":{"line":34,"column":8},"end":{"line":38,"column":10}},"17":{"start":{"line":35,"column":28},"end":{"line":35,"column":60}},"18":{"start":{"line":36,"column":12},"end":{"line":36,"column":75}},"19":{"start":{"line":37,"column":12},"end":{"line":37,"column":30}},"20":{"start":{"line":44,"column":4},"end":{"line":44,"column":48}},"21":{"start":{"line":45,"column":4},"end":{"line":45,"column":43}},"22":{"start":{"line":46,"column":4},"end":{"line":46,"column":59}},"23":{"start":{"line":48,"column":28},"end":{"line":48,"column":78}},"24":{"start":{"line":49,"column":28},"end":{"line":49,"column":78}},"25":{"start":{"line":50,"column":20},"end":{"line":50,"column":54}},"26":{"start":{"line":52,"column":4},"end":{"line":52,"column":30}},"27":{"start":{"line":53,"column":4},"end":{"line":53,"column":28}},"28":{"start":{"line":54,"column":4},"end":{"line":54,"column":58}},"29":{"start":{"line":59,"column":0},"end":{"line":62,"column":2}}},"fnMap":{"0":{"name":"getCellNameFromCoords","decl":{"start":{"line":1,"column":9},"end":{"line":1,"column":30}},"loc":{"start":{"line":1,"column":50},"end":{"line":7,"column":1}},"line":1},"1":{"name":"emptyColorSelects","decl":{"start":{"line":10,"column":9},"end":{"line":10,"column":26}},"loc":{"start":{"line":10,"column":36},"end":{"line":16,"column":1}},"line":10},"2":{"name":"addTitleOptions","decl":{"start":{"line":19,"column":9},"end":{"line":19,"column":24}},"loc":{"start":{"line":19,"column":34},"end":{"line":27,"column":1}},"line":19},"3":{"name":"addColorOptions","decl":{"start":{"line":30,"column":9},"end":{"line":30,"column":24}},"loc":{"start":{"line":30,"column":64},"end":{"line":40,"column":1}},"line":30},"4":{"name":"(anonymous_4)","decl":{"start":{"line":31,"column":45},"end":{"line":31,"column":46}},"loc":{"start":{"line":31,"column":54},"end":{"line":31,"column":88}},"line":31},"5":{"name":"(anonymous_5)","decl":{"start":{"line":34,"column":28},"end":{"line":34,"column":29}},"loc":{"start":{"line":34,"column":39},"end":{"line":38,"column":9}},"line":34},"6":{"name":"populateColorSelects","decl":{"start":{"line":43,"column":9},"end":{"line":43,"column":29}},"loc":{"start":{"line":43,"column":60},"end":{"line":55,"column":1}},"line":43}},"branchMap":{"0":{"loc":{"start":{"line":5,"column":24},"end":{"line":5,"column":66}},"type":"cond-expr","locations":[{"start":{"line":5,"column":38},"end":{"line":5,"column":55}},{"start":{"line":5,"column":58},"end":{"line":5,"column":66}}],"line":5}},"s":{"0":2,"1":2,"2":2,"3":2,"4":0,"5":0,"6":0,"7":0,"8":0,"9":0,"10":0,"11":0,"12":0,"13":0,"14":0,"15":0,"16":0,"17":0,"18":0,"19":0,"20":0,"21":0,"22":0,"23":0,"24":0,"25":0,"26":0,"27":0,"28":0,"29":1},"f":{"0":2,"1":0,"2":0,"3":0,"4":0,"5":0,"6":0},"b":{"0":[1,1]},"_coverageSchema":"1a1c01bbd47fc00a2c39e90264f33305004495a9","hash":"d9f13ecf82c66f431fb4a2bdf834481b3a625711"}
}
