TN:
SF:src\grid_interaction_handler.js
FN:1,clickGridCell
FN:15,mouseOverGridCell
FN:22,mouseOutGridCell
FN:29,attemptToPlacePiece
FN:43,findIsColumnFull
FN:52,changePlayerColor
FNF:6
FNH:0
FNDA:0,clickGridCell
FNDA:0,mouseOverGridCell
FNDA:0,mouseOutGridCell
FNDA:0,attemptToPlacePiece
FNDA:0,findIsColumnFull
FNDA:0,changePlayerColor
DA:2,0
DA:4,0
DA:6,0
DA:7,0
DA:10,0
DA:11,0
DA:16,0
DA:17,0
DA:18,0
DA:23,0
DA:24,0
DA:25,0
DA:30,0
DA:32,0
DA:34,0
DA:38,0
DA:44,0
DA:45,0
DA:47,0
DA:48,0
DA:53,0
DA:55,0
DA:57,0
DA:58,0
DA:59,0
DA:61,0
DA:62,0
DA:64,0
DA:65,0
DA:66,0
DA:71,1
LF:31
LH:1
BRDA:6,0,0,0
BRDA:6,0,1,0
BRDA:34,1,0,0
BRDA:34,1,1,0
BRDA:47,2,0,0
BRDA:47,2,1,0
BRDA:61,3,0,0
BRDA:61,3,1,0
BRDA:61,4,0,0
BRDA:61,4,1,0
BRF:10
BRH:0
end_of_record
TN:
SF:src\initialization.js
FN:1,initializeGrid
FN:13,createCellsAndImages
FN:30,createCell
FN:42,createCellImage
FN:54,createGridParent
FN:62,bindGridInteractionEvents
FN:80,bindColorSelectEvents
FNF:7
FNH:0
FNDA:0,initializeGrid
FNDA:0,createCellsAndImages
FNDA:0,createCell
FNDA:0,createCellImage
FNDA:0,createGridParent
FNDA:0,bindGridInteractionEvents
FNDA:0,bindColorSelectEvents
DA:2,0
DA:3,0
DA:6,0
DA:8,0
DA:9,0
DA:14,0
DA:15,0
DA:16,0
DA:18,0
DA:19,0
DA:20,0
DA:22,0
DA:26,0
DA:31,0
DA:32,0
DA:33,0
DA:34,0
DA:35,0
DA:37,0
DA:38,0
DA:43,0
DA:44,0
DA:45,0
DA:46,0
DA:47,0
DA:49,0
DA:50,0
DA:55,0
DA:56,0
DA:57,0
DA:58,0
DA:63,0
DA:65,0
DA:66,0
DA:67,0
DA:68,0
DA:70,0
DA:71,0
DA:72,0
DA:73,0
DA:75,0
DA:81,0
DA:82,0
DA:84,0
DA:85,0
DA:89,1
LF:46
LH:1
BRF:0
BRH:0
end_of_record
TN:
SF:src\storage.js
FN:40,(anonymous_0)
FN:45,(anonymous_1)
FN:61,(anonymous_2)
FN:74,(anonymous_3)
FN:89,(anonymous_4)
FN:100,(anonymous_5)
FN:106,(anonymous_6)
FN:116,(anonymous_7)
FN:122,(anonymous_8)
FN:134,(anonymous_9)
FN:139,(anonymous_10)
FN:140,(anonymous_11)
FN:146,(anonymous_12)
FN:159,(anonymous_13)
FN:164,(anonymous_14)
FN:169,(anonymous_15)
FN:194,(anonymous_16)
FN:198,(anonymous_17)
FN:212,(anonymous_18)
FN:226,(anonymous_19)
FN:231,(anonymous_20)
FN:241,(anonymous_21)
FN:246,(anonymous_22)
FN:255,(anonymous_23)
FN:279,(anonymous_24)
FN:289,(anonymous_25)
FN:295,(anonymous_26)
FN:301,(anonymous_27)
FN:314,updateStorageObject
FN:324,getGameData
FNF:30
FNH:14
FNDA:34,(anonymous_0)
FNDA:0,(anonymous_1)
FNDA:0,(anonymous_2)
FNDA:3,(anonymous_3)
FNDA:3,(anonymous_4)
FNDA:35,(anonymous_5)
FNDA:10001,(anonymous_6)
FNDA:1,(anonymous_7)
FNDA:3,(anonymous_8)
FNDA:20,(anonymous_9)
FNDA:20,(anonymous_10)
FNDA:40,(anonymous_11)
FNDA:0,(anonymous_12)
FNDA:2,(anonymous_13)
FNDA:2,(anonymous_14)
FNDA:0,(anonymous_15)
FNDA:0,(anonymous_16)
FNDA:0,(anonymous_17)
FNDA:0,(anonymous_18)
FNDA:0,(anonymous_19)
FNDA:0,(anonymous_20)
FNDA:0,(anonymous_21)
FNDA:0,(anonymous_22)
FNDA:0,(anonymous_23)
FNDA:0,(anonymous_24)
FNDA:0,(anonymous_25)
FNDA:0,(anonymous_26)
FNDA:0,(anonymous_27)
FNDA:1,updateStorageObject
FNDA:1,getGameData
DA:2,34
DA:3,34
DA:5,34
DA:6,34
DA:7,34
DA:9,34
DA:20,34
DA:21,34
DA:22,34
DA:23,34
DA:24,34
DA:26,34
DA:27,34
DA:33,34
DA:41,34
DA:42,34
DA:46,0
DA:47,0
DA:48,0
DA:50,0
DA:51,0
DA:53,0
DA:54,0
DA:56,0
DA:58,0
DA:62,0
DA:63,0
DA:64,0
DA:65,0
DA:68,0
DA:69,0
DA:70,0
DA:71,0
DA:75,3
DA:76,0
DA:79,3
DA:80,0
DA:83,3
DA:84,3
DA:86,3
DA:90,3
DA:91,3
DA:93,3
DA:94,10
DA:97,3
DA:101,35
DA:102,35
DA:103,35
DA:107,10001
DA:109,10001
DA:110,1
DA:112,10000
DA:117,1
DA:118,1
DA:119,1
DA:123,3
DA:125,3
DA:127,3
DA:128,0
DA:131,3
DA:135,20
DA:136,20
DA:140,40
DA:141,20
DA:143,20
DA:147,0
DA:148,0
DA:149,0
DA:151,0
DA:152,0
DA:154,0
DA:156,0
DA:160,2
DA:161,2
DA:165,2
DA:166,2
DA:170,0
DA:171,0
DA:174,0
DA:175,0
DA:176,0
DA:178,0
DA:180,0
DA:182,0
DA:183,0
DA:186,0
DA:187,0
DA:188,0
DA:191,0
DA:195,0
DA:197,0
DA:198,0
DA:199,0
DA:201,0
DA:202,0
DA:204,0
DA:205,0
DA:206,0
DA:208,0
DA:213,0
DA:214,0
DA:215,0
DA:217,0
DA:218,0
DA:219,0
DA:220,0
DA:221,0
DA:223,0
DA:224,0
DA:226,0
DA:227,0
DA:232,0
DA:233,0
DA:234,0
DA:238,0
DA:242,0
DA:243,0
DA:247,0
DA:249,0
DA:250,0
DA:252,0
DA:256,0
DA:257,0
DA:258,0
DA:260,0
DA:262,0
DA:263,0
DA:264,0
DA:266,0
DA:267,0
DA:269,0
DA:270,0
DA:272,0
DA:276,0
DA:280,0
DA:281,0
DA:282,0
DA:284,0
DA:285,0
DA:290,0
DA:291,0
DA:292,0
DA:296,0
DA:297,0
DA:302,0
DA:303,0
DA:305,0
DA:306,0
DA:307,0
DA:309,0
DA:315,1
DA:317,1
DA:318,1
DA:320,1
DA:325,1
DA:327,1
DA:328,1
DA:329,1
DA:331,1
DA:333,1
DA:337,1
LF:161
LH:60
BRDA:62,0,0,0
BRDA:62,0,1,0
BRDA:64,1,0,0
BRDA:64,1,1,0
BRDA:75,2,0,0
BRDA:75,2,1,3
BRDA:79,3,0,0
BRDA:79,3,1,3
BRDA:79,4,0,3
BRDA:79,4,1,3
BRDA:109,5,0,1
BRDA:109,5,1,10000
BRDA:110,6,0,0
BRDA:110,6,1,1
BRDA:112,7,0,5017
BRDA:112,7,1,4983
BRDA:127,8,0,0
BRDA:127,8,1,3
BRDA:139,9,0,0
BRDA:160,10,0,0
BRDA:160,10,1,2
BRDA:170,11,0,0
BRDA:170,11,1,0
BRDA:170,12,0,0
BRDA:170,12,1,0
BRDA:170,12,2,0
BRDA:182,13,0,0
BRDA:182,13,1,0
BRDA:204,14,0,0
BRDA:204,14,1,0
BRDA:227,15,0,0
BRDA:227,15,1,0
BRDA:233,16,0,0
BRDA:233,16,1,0
BRDA:269,17,0,0
BRDA:269,17,1,0
BRDA:284,18,0,0
BRDA:284,18,1,0
BRF:38
BRH:11
end_of_record
TN:
SF:src\utils.js
FN:1,getCellNameFromCoords
FN:10,emptyColorSelects
FN:19,addTitleOptions
FN:30,addColorOptions
FN:31,(anonymous_4)
FN:34,(anonymous_5)
FN:43,populateColorSelects
FNF:7
FNH:1
FNDA:2,getCellNameFromCoords
FNDA:0,emptyColorSelects
FNDA:0,addTitleOptions
FNDA:0,addColorOptions
FNDA:0,(anonymous_4)
FNDA:0,(anonymous_5)
FNDA:0,populateColorSelects
DA:2,2
DA:4,2
DA:5,2
DA:6,2
DA:11,0
DA:12,0
DA:13,0
DA:20,0
DA:21,0
DA:22,0
DA:23,0
DA:24,0
DA:25,0
DA:31,0
DA:33,0
DA:34,0
DA:35,0
DA:36,0
DA:37,0
DA:44,0
DA:45,0
DA:46,0
DA:48,0
DA:49,0
DA:50,0
DA:52,0
DA:53,0
DA:54,0
DA:59,1
LF:29
LH:5
BRDA:5,0,0,1
BRDA:5,0,1,1
BRF:2
BRH:2
end_of_record
